<?xml version="1.0" encoding="UTF-8"?>
<!-- Generated by org.testng.reporters.JUnitXMLReporter -->
<testsuite ignored="2" hostname="DESKTOP-HV25CJK" failures="0" tests="5" name="Default test" time="63.8" errors="0" timestamp="2026-08-23T13:08:42 IST">
  <testcase classname="com.amc.qa.testcases.LandingPageTest" name="LandingPageLogTest" time="0.064"/>
  <testcase classname="com.amc.qa.testcases.LandingPageTest" name="LandingPageTitleTest" time="0.013"/>
  <testcase classname="com.amc.qa.testcases.LandingPageTest" name="navigateToContactUS" time="13.076"/>
  <testcase classname="com.amc.qa.testcases.LandingPageTest" name="navigateToContactUS" time="12.9"/>
  <testcase classname="com.amc.qa.testcases.LandingPageTest" name="navigateToContactUS" time="13.128"/>
  <testcase classname="com.amc.qa.testcases.LandingPageTest" name="VehicelBookingTest" time="0.0">
    <ignored/>
  </testcase> <!-- VehicelBookingTest -->
  <testcase classname="com.amc.qa.testcases.LandingPageTest" name="LoginTest" time="0.0">
    <ignored/>
  </testcase> <!-- LoginTest -->
</testsuite> <!-- Default test -->
