<?xml version="1.0" encoding="UTF-8"?>
<testsuite xmlns:xsi="http://www.w3.org/2001/XMLSchema-instance" xsi:noNamespaceSchemaLocation="https://maven.apache.org/surefire/maven-surefire-plugin/xsd/surefire-test-report-3.0.xsd" version="3.0" name="TestSuite" time="77.367" tests="5" errors="0" skipped="0" failures="0">
  <properties>
[...]
</properties>
  <testcase name="LandingPageLogTest" classname="com.amc.qa.testcases.LandingPageTest" time="0.053">
    <system-out><![CDATA[true
Before clicking: [[ChromeDriver: chrome on windows (5682d368a70bdad34e57735ea52929e9)] -> xpath: //a[@class='cc-btn cc-allow cc-btn-format']]
Clicked: [[ChromeDriver: chrome on windows (5682d368a70bdad34e57735ea52929e9)] -> xpath: //a[@class='cc-btn cc-allow cc-btn-format']]
]]></system-out>
    <system-err><![CDATA[SLF4J(W): No SLF4J providers were found.
SLF4J(W): Defaulting to no-operation (NOP) logger implementation
SLF4J(W): See https://www.slf4j.org/codes.html#noProviders for further details.
]]></system-err>
  </testcase>
  <testcase name="LandingPageTitleTest" classname="com.amc.qa.testcases.LandingPageTest" time="0.013">
    <system-out><![CDATA[true
Before clicking: [[ChromeDriver: chrome on windows (ea48343c9f658379d894c32ff8ea505e)] -> xpath: //a[@class='cc-btn cc-allow cc-btn-format']]
Clicked: [[ChromeDriver: chrome on windows (ea48343c9f658379d894c32ff8ea505e)] -> xpath: //a[@class='cc-btn cc-allow cc-btn-format']]
]]></system-out>
  </testcase>
  <testcase name="navigateToContactUS[Rahul, Chauhan, 9987009796, rahulchauhan848@gmail.com, Test QA 1](1)" classname="com.amc.qa.testcases.LandingPageTest" time="14.137">
    <system-out><![CDATA[2026-08-23T13:05:16.000167400Z main ERROR Log4j API could not find a logging provider.
true
Before clicking: [[ChromeDriver: chrome on windows (9adb4f737a0d1f8fe4b1ffad3754c5bd)] -> xpath: //a[@class='cc-btn cc-allow cc-btn-format']]
Clicked: [[ChromeDriver: chrome on windows (9adb4f737a0d1f8fe4b1ffad3754c5bd)] -> xpath: //a[@class='cc-btn cc-allow cc-btn-format']]
Before clicking: [[ChromeDriver: chrome on windows (9adb4f737a0d1f8fe4b1ffad3754c5bd)] -> xpath: //a[@href='https://auto.mahindra.com/contact-us.html' and @title='Go to Contact us']]
Clicked: [[ChromeDriver: chrome on windows (9adb4f737a0d1f8fe4b1ffad3754c5bd)] -> xpath: //a[@href='https://auto.mahindra.com/contact-us.html' and @title='Go to Contact us']]
Before clicking: [[ChromeDriver: chrome on windows (9adb4f737a0d1f8fe4b1ffad3754c5bd)] -> xpath: //input[@name='getInTouchFirstName']]
Clicked: [[ChromeDriver: chrome on windows (9adb4f737a0d1f8fe4b1ffad3754c5bd)] -> xpath: //input[@name='getInTouchFirstName']]
Before clicking: [[ChromeDriver: chrome on windows (9adb4f737a0d1f8fe4b1ffad3754c5bd)] -> xpath: //input[@name='getInTouchLastName']]
Clicked: [[ChromeDriver: chrome on windows (9adb4f737a0d1f8fe4b1ffad3754c5bd)] -> xpath: //input[@name='getInTouchLastName']]
Before clicking: [[ChromeDriver: chrome on windows (9adb4f737a0d1f8fe4b1ffad3754c5bd)] -> xpath: //input[@name='getInTouchContactNo']]
Clicked: [[ChromeDriver: chrome on windows (9adb4f737a0d1f8fe4b1ffad3754c5bd)] -> xpath: //input[@name='getInTouchContactNo']]
Before clicking: [[ChromeDriver: chrome on windows (9adb4f737a0d1f8fe4b1ffad3754c5bd)] -> xpath: //input[@name='getInTouchEmail']]
Clicked: [[ChromeDriver: chrome on windows (9adb4f737a0d1f8fe4b1ffad3754c5bd)] -> xpath: //input[@name='getInTouchEmail']]
Before clicking: [[ChromeDriver: chrome on windows (9adb4f737a0d1f8fe4b1ffad3754c5bd)] -> xpath: //div[@class='select-selected']]
Clicked: [[ChromeDriver: chrome on windows (9adb4f737a0d1f8fe4b1ffad3754c5bd)] -> xpath: //div[@class='select-selected']]
Before clicking: [[ChromeDriver: chrome on windows (9adb4f737a0d1f8fe4b1ffad3754c5bd)] -> xpath: //div[@data-value='THAR ROXX']]
Clicked: [[ChromeDriver: chrome on windows (9adb4f737a0d1f8fe4b1ffad3754c5bd)] -> xpath: //div[@data-value='THAR ROXX']]
Before clicking: [[ChromeDriver: chrome on windows (9adb4f737a0d1f8fe4b1ffad3754c5bd)] -> xpath: //textarea[@name='getInTouchMessage']]
Clicked: [[ChromeDriver: chrome on windows (9adb4f737a0d1f8fe4b1ffad3754c5bd)] -> xpath: //textarea[@name='getInTouchMessage']]
Before clicking: [[ChromeDriver: chrome on windows (9adb4f737a0d1f8fe4b1ffad3754c5bd)] -> xpath: //label[@class='custom-control-label p2-regular' and contains(text(),'I agree that Mahindra & Mahindra')]]
Clicked: [[ChromeDriver: chrome on windows (9adb4f737a0d1f8fe4b1ffad3754c5bd)] -> xpath: //label[@class='custom-control-label p2-regular' and contains(text(),'I agree that Mahindra & Mahindra')]]
]]></system-out>
  </testcase>
  <testcase name="navigateToContactUS[Shubham, Chauhan, 8987009790, shubhamchauhan8932@gmail.com, Test QA 2](2)" classname="com.amc.qa.testcases.LandingPageTest" time="14.199">
    <system-out><![CDATA[true
Before clicking: [[ChromeDriver: chrome on windows (019a81ba3bbd91cf68860bc9bd0c83ba)] -> xpath: //a[@class='cc-btn cc-allow cc-btn-format']]
Clicked: [[ChromeDriver: chrome on windows (019a81ba3bbd91cf68860bc9bd0c83ba)] -> xpath: //a[@class='cc-btn cc-allow cc-btn-format']]
Before clicking: [[ChromeDriver: chrome on windows (019a81ba3bbd91cf68860bc9bd0c83ba)] -> xpath: //a[@href='https://auto.mahindra.com/contact-us.html' and @title='Go to Contact us']]
Clicked: [[ChromeDriver: chrome on windows (019a81ba3bbd91cf68860bc9bd0c83ba)] -> xpath: //a[@href='https://auto.mahindra.com/contact-us.html' and @title='Go to Contact us']]
Before clicking: [[ChromeDriver: chrome on windows (019a81ba3bbd91cf68860bc9bd0c83ba)] -> xpath: //input[@name='getInTouchFirstName']]
Clicked: [[ChromeDriver: chrome on windows (019a81ba3bbd91cf68860bc9bd0c83ba)] -> xpath: //input[@name='getInTouchFirstName']]
Before clicking: [[ChromeDriver: chrome on windows (019a81ba3bbd91cf68860bc9bd0c83ba)] -> xpath: //input[@name='getInTouchLastName']]
Clicked: [[ChromeDriver: chrome on windows (019a81ba3bbd91cf68860bc9bd0c83ba)] -> xpath: //input[@name='getInTouchLastName']]
Before clicking: [[ChromeDriver: chrome on windows (019a81ba3bbd91cf68860bc9bd0c83ba)] -> xpath: //input[@name='getInTouchContactNo']]
Clicked: [[ChromeDriver: chrome on windows (019a81ba3bbd91cf68860bc9bd0c83ba)] -> xpath: //input[@name='getInTouchContactNo']]
Before clicking: [[ChromeDriver: chrome on windows (019a81ba3bbd91cf68860bc9bd0c83ba)] -> xpath: //input[@name='getInTouchEmail']]
Clicked: [[ChromeDriver: chrome on windows (019a81ba3bbd91cf68860bc9bd0c83ba)] -> xpath: //input[@name='getInTouchEmail']]
Before clicking: [[ChromeDriver: chrome on windows (019a81ba3bbd91cf68860bc9bd0c83ba)] -> xpath: //div[@class='select-selected']]
Clicked: [[ChromeDriver: chrome on windows (019a81ba3bbd91cf68860bc9bd0c83ba)] -> xpath: //div[@class='select-selected']]
Before clicking: [[ChromeDriver: chrome on windows (019a81ba3bbd91cf68860bc9bd0c83ba)] -> xpath: //div[@data-value='THAR ROXX']]
Clicked: [[ChromeDriver: chrome on windows (019a81ba3bbd91cf68860bc9bd0c83ba)] -> xpath: //div[@data-value='THAR ROXX']]
Before clicking: [[ChromeDriver: chrome on windows (019a81ba3bbd91cf68860bc9bd0c83ba)] -> xpath: //textarea[@name='getInTouchMessage']]
Clicked: [[ChromeDriver: chrome on windows (019a81ba3bbd91cf68860bc9bd0c83ba)] -> xpath: //textarea[@name='getInTouchMessage']]
Before clicking: [[ChromeDriver: chrome on windows (019a81ba3bbd91cf68860bc9bd0c83ba)] -> xpath: //label[@class='custom-control-label p2-regular' and contains(text(),'I agree that Mahindra & Mahindra')]]
Clicked: [[ChromeDriver: chrome on windows (019a81ba3bbd91cf68860bc9bd0c83ba)] -> xpath: //label[@class='custom-control-label p2-regular' and contains(text(),'I agree that Mahindra & Mahindra')]]
]]></system-out>
  </testcase>
  <testcase name="navigateToContactUS[Tarun, Sai, 7987009791, tarunsai893@gmail.com, Test QA 3](3)" classname="com.amc.qa.testcases.LandingPageTest" time="14.42">
    <system-out><![CDATA[true
Before clicking: [[ChromeDriver: chrome on windows (6079f438bfc2df1abadf1ea9c99dddc4)] -> xpath: //a[@class='cc-btn cc-allow cc-btn-format']]
Clicked: [[ChromeDriver: chrome on windows (6079f438bfc2df1abadf1ea9c99dddc4)] -> xpath: //a[@class='cc-btn cc-allow cc-btn-format']]
Before clicking: [[ChromeDriver: chrome on windows (6079f438bfc2df1abadf1ea9c99dddc4)] -> xpath: //a[@href='https://auto.mahindra.com/contact-us.html' and @title='Go to Contact us']]
Clicked: [[ChromeDriver: chrome on windows (6079f438bfc2df1abadf1ea9c99dddc4)] -> xpath: //a[@href='https://auto.mahindra.com/contact-us.html' and @title='Go to Contact us']]
Before clicking: [[ChromeDriver: chrome on windows (6079f438bfc2df1abadf1ea9c99dddc4)] -> xpath: //input[@name='getInTouchFirstName']]
Clicked: [[ChromeDriver: chrome on windows (6079f438bfc2df1abadf1ea9c99dddc4)] -> xpath: //input[@name='getInTouchFirstName']]
Before clicking: [[ChromeDriver: chrome on windows (6079f438bfc2df1abadf1ea9c99dddc4)] -> xpath: //input[@name='getInTouchLastName']]
Clicked: [[ChromeDriver: chrome on windows (6079f438bfc2df1abadf1ea9c99dddc4)] -> xpath: //input[@name='getInTouchLastName']]
Before clicking: [[ChromeDriver: chrome on windows (6079f438bfc2df1abadf1ea9c99dddc4)] -> xpath: //input[@name='getInTouchContactNo']]
Clicked: [[ChromeDriver: chrome on windows (6079f438bfc2df1abadf1ea9c99dddc4)] -> xpath: //input[@name='getInTouchContactNo']]
Before clicking: [[ChromeDriver: chrome on windows (6079f438bfc2df1abadf1ea9c99dddc4)] -> xpath: //input[@name='getInTouchEmail']]
Clicked: [[ChromeDriver: chrome on windows (6079f438bfc2df1abadf1ea9c99dddc4)] -> xpath: //input[@name='getInTouchEmail']]
Before clicking: [[ChromeDriver: chrome on windows (6079f438bfc2df1abadf1ea9c99dddc4)] -> xpath: //div[@class='select-selected']]
Clicked: [[ChromeDriver: chrome on windows (6079f438bfc2df1abadf1ea9c99dddc4)] -> xpath: //div[@class='select-selected']]
Before clicking: [[ChromeDriver: chrome on windows (6079f438bfc2df1abadf1ea9c99dddc4)] -> xpath: //div[@data-value='THAR ROXX']]
Clicked: [[ChromeDriver: chrome on windows (6079f438bfc2df1abadf1ea9c99dddc4)] -> xpath: //div[@data-value='THAR ROXX']]
Before clicking: [[ChromeDriver: chrome on windows (6079f438bfc2df1abadf1ea9c99dddc4)] -> xpath: //textarea[@name='getInTouchMessage']]
Clicked: [[ChromeDriver: chrome on windows (6079f438bfc2df1abadf1ea9c99dddc4)] -> xpath: //textarea[@name='getInTouchMessage']]
Before clicking: [[ChromeDriver: chrome on windows (6079f438bfc2df1abadf1ea9c99dddc4)] -> xpath: //label[@class='custom-control-label p2-regular' and contains(text(),'I agree that Mahindra & Mahindra')]]
Clicked: [[ChromeDriver: chrome on windows (6079f438bfc2df1abadf1ea9c99dddc4)] -> xpath: //label[@class='custom-control-label p2-regular' and contains(text(),'I agree that Mahindra & Mahindra')]]
]]></system-out>
  </testcase>
</testsuite>