<?xml version="1.0" encoding="UTF-8"?>
<testng-results ignored="2" total="7" passed="5" failed="0" skipped="0">
  <reporter-output>
  </reporter-output>
  <suite started-at="2026-08-23T18:35:02 IST" name="AMCTestSuite" finished-at="2026-08-23T18:36:18 IST" duration-ms="75944">
    <groups>
    </groups>
    <test started-at="2026-08-23T18:35:02 IST" name="Landing Page test" finished-at="2026-08-23T18:36:18 IST" duration-ms="75944">
      <class name="com.amc.qa.testcases.LandingPageTest">
        <test-method is-config="true" signature="setup()[pri:0, instance:com.amc.qa.testcases.LandingPageTest@dd8ba08]" started-at="2026-08-23T18:35:02 IST" name="setup" finished-at="2026-08-23T18:35:08 IST" duration-ms="6039" status="PASS">
          <reporter-output>
          </reporter-output>
        </test-method> <!-- setup -->
        <test-method signature="LandingPageLogTest()[pri:0, instance:com.amc.qa.testcases.LandingPageTest@dd8ba08]" started-at="2026-08-23T18:35:08 IST" name="LandingPageLogTest" finished-at="2026-08-23T18:35:08 IST" duration-ms="56" status="PASS">
          <reporter-output>
          </reporter-output>
        </test-method> <!-- LandingPageLogTest -->
        <test-method is-config="true" signature="tearDown()[pri:0, instance:com.amc.qa.testcases.LandingPageTest@dd8ba08]" started-at="2026-08-23T18:35:08 IST" name="tearDown" finished-at="2026-08-23T18:35:09 IST" duration-ms="353" status="PASS">
          <reporter-output>
          </reporter-output>
        </test-method> <!-- tearDown -->
        <test-method is-config="true" signature="setup()[pri:0, instance:com.amc.qa.testcases.LandingPageTest@dd8ba08]" started-at="2026-08-23T18:35:09 IST" name="setup" finished-at="2026-08-23T18:35:15 IST" duration-ms="6347" status="PASS">
          <reporter-output>
          </reporter-output>
        </test-method> <!-- setup -->
        <test-method signature="LandingPageTitleTest()[pri:0, instance:com.amc.qa.testcases.LandingPageTest@dd8ba08]" started-at="2026-08-23T18:35:15 IST" name="LandingPageTitleTest" finished-at="2026-08-23T18:35:15 IST" duration-ms="12" status="PASS">
          <reporter-output>
          </reporter-output>
        </test-method> <!-- LandingPageTitleTest -->
        <test-method is-config="true" signature="tearDown()[pri:0, instance:com.amc.qa.testcases.LandingPageTest@dd8ba08]" started-at="2026-08-23T18:35:15 IST" name="tearDown" finished-at="2026-08-23T18:35:15 IST" duration-ms="288" status="PASS">
          <reporter-output>
          </reporter-output>
        </test-method> <!-- tearDown -->
        <test-method is-config="true" signature="setup()[pri:0, instance:com.amc.qa.testcases.LandingPageTest@dd8ba08]" started-at="2026-08-23T18:35:17 IST" name="setup" finished-at="2026-08-23T18:35:23 IST" duration-ms="6368" status="PASS">
          <reporter-output>
          </reporter-output>
        </test-method> <!-- setup -->
        <test-method signature="navigateToContactUS(java.lang.String,java.lang.String,java.lang.String,java.lang.String,java.lang.String)[pri:0, instance:com.amc.qa.testcases.LandingPageTest@dd8ba08]" started-at="2026-08-23T18:35:23 IST" name="navigateToContactUS" data-provider="getContactData" finished-at="2026-08-23T18:35:37 IST" duration-ms="14137" status="PASS">
          <params>
            <param index="0">
              <value>
                <![CDATA[Rahul]]>
              </value>
            </param>
            <param index="1">
              <value>
                <![CDATA[Chauhan]]>
              </value>
            </param>
            <param index="2">
              <value>
                <![CDATA[9987009796]]>
              </value>
            </param>
            <param index="3">
              <value>
                <![CDATA[rahulchauhan848@gmail.com]]>
              </value>
            </param>
            <param index="4">
              <value>
                <![CDATA[Test QA 1]]>
              </value>
            </param>
          </params>
          <reporter-output>
          </reporter-output>
        </test-method> <!-- navigateToContactUS -->
        <test-method is-config="true" signature="tearDown()[pri:0, instance:com.amc.qa.testcases.LandingPageTest@dd8ba08]" started-at="2026-08-23T18:35:37 IST" name="tearDown" finished-at="2026-08-23T18:35:38 IST" duration-ms="425" status="PASS">
          <reporter-output>
          </reporter-output>
        </test-method> <!-- tearDown -->
        <test-method is-config="true" signature="setup()[pri:0, instance:com.amc.qa.testcases.LandingPageTest@dd8ba08]" started-at="2026-08-23T18:35:38 IST" name="setup" finished-at="2026-08-23T18:35:44 IST" duration-ms="5736" status="PASS">
          <reporter-output>
          </reporter-output>
        </test-method> <!-- setup -->
        <test-method signature="navigateToContactUS(java.lang.String,java.lang.String,java.lang.String,java.lang.String,java.lang.String)[pri:0, instance:com.amc.qa.testcases.LandingPageTest@dd8ba08]" started-at="2026-08-23T18:35:44 IST" name="navigateToContactUS" data-provider="getContactData" finished-at="2026-08-23T18:35:58 IST" duration-ms="14198" status="PASS">
          <params>
            <param index="0">
              <value>
                <![CDATA[Shubham]]>
              </value>
            </param>
            <param index="1">
              <value>
                <![CDATA[Chauhan]]>
              </value>
            </param>
            <param index="2">
              <value>
                <![CDATA[8987009790]]>
              </value>
            </param>
            <param index="3">
              <value>
                <![CDATA[shubhamchauhan8932@gmail.com]]>
              </value>
            </param>
            <param index="4">
              <value>
                <![CDATA[Test QA 2]]>
              </value>
            </param>
          </params>
          <reporter-output>
          </reporter-output>
        </test-method> <!-- navigateToContactUS -->
        <test-method is-config="true" signature="tearDown()[pri:0, instance:com.amc.qa.testcases.LandingPageTest@dd8ba08]" started-at="2026-08-23T18:35:58 IST" name="tearDown" finished-at="2026-08-23T18:35:58 IST" duration-ms="390" status="PASS">
          <reporter-output>
          </reporter-output>
        </test-method> <!-- tearDown -->
        <test-method is-config="true" signature="setup()[pri:0, instance:com.amc.qa.testcases.LandingPageTest@dd8ba08]" started-at="2026-08-23T18:35:58 IST" name="setup" finished-at="2026-08-23T18:36:03 IST" duration-ms="4820" status="PASS">
          <reporter-output>
          </reporter-output>
        </test-method> <!-- setup -->
        <test-method signature="navigateToContactUS(java.lang.String,java.lang.String,java.lang.String,java.lang.String,java.lang.String)[pri:0, instance:com.amc.qa.testcases.LandingPageTest@dd8ba08]" started-at="2026-08-23T18:36:03 IST" name="navigateToContactUS" data-provider="getContactData" finished-at="2026-08-23T18:36:17 IST" duration-ms="14419" status="PASS">
          <params>
            <param index="0">
              <value>
                <![CDATA[Tarun]]>
              </value>
            </param>
            <param index="1">
              <value>
                <![CDATA[Sai]]>
              </value>
            </param>
            <param index="2">
              <value>
                <![CDATA[7987009791]]>
              </value>
            </param>
            <param index="3">
              <value>
                <![CDATA[tarunsai893@gmail.com]]>
              </value>
            </param>
            <param index="4">
              <value>
                <![CDATA[Test QA 3]]>
              </value>
            </param>
          </params>
          <reporter-output>
          </reporter-output>
        </test-method> <!-- navigateToContactUS -->
        <test-method is-config="true" signature="tearDown()[pri:0, instance:com.amc.qa.testcases.LandingPageTest@dd8ba08]" started-at="2026-08-23T18:36:17 IST" name="tearDown" finished-at="2026-08-23T18:36:18 IST" duration-ms="465" status="PASS">
          <reporter-output>
          </reporter-output>
        </test-method> <!-- tearDown -->
      </class> <!-- com.amc.qa.testcases.LandingPageTest -->
    </test> <!-- Landing Page test -->
  </suite> <!-- AMCTestSuite -->
</testng-results>
