<?xml version="1.0" encoding="UTF-8"?>
<testng-results ignored="3" total="5" passed="2" failed="0" skipped="0">
  <reporter-output>
  </reporter-output>
  <suite started-at="2026-08-27T09:03:01 IST" name="AMCTestSuite" finished-at="2026-08-27T09:03:13 IST" duration-ms="12189">
    <groups>
    </groups>
    <test started-at="2026-08-27T09:03:01 IST" name="Landing Page test" finished-at="2026-08-27T09:03:13 IST" duration-ms="12189">
      <class name="com.amc.qa.testcases.LandingPageTest">
        <test-method is-config="true" signature="setup()[pri:0, instance:com.amc.qa.testcases.LandingPageTest@331acdad]" started-at="2026-08-27T09:03:01 IST" name="setup" finished-at="2026-08-27T09:03:07 IST" duration-ms="6411" status="PASS">
          <reporter-output>
          </reporter-output>
        </test-method> <!-- setup -->
        <test-method signature="LandingPageLogoTest()[pri:0, instance:com.amc.qa.testcases.LandingPageTest@331acdad]" started-at="2026-08-27T09:03:07 IST" name="LandingPageLogoTest" finished-at="2026-08-27T09:03:07 IST" duration-ms="54" status="PASS">
          <reporter-output>
          </reporter-output>
        </test-method> <!-- LandingPageLogoTest -->
        <test-method is-config="true" signature="tearDown()[pri:0, instance:com.amc.qa.testcases.LandingPageTest@331acdad]" started-at="2026-08-27T09:03:07 IST" name="tearDown" finished-at="2026-08-27T09:03:08 IST" duration-ms="244" status="PASS">
          <reporter-output>
          </reporter-output>
        </test-method> <!-- tearDown -->
        <test-method is-config="true" signature="setup()[pri:0, instance:com.amc.qa.testcases.LandingPageTest@331acdad]" started-at="2026-08-27T09:03:08 IST" name="setup" finished-at="2026-08-27T09:03:13 IST" duration-ms="5044" status="PASS">
          <reporter-output>
          </reporter-output>
        </test-method> <!-- setup -->
        <test-method signature="LandingPageTitleTest()[pri:0, instance:com.amc.qa.testcases.LandingPageTest@331acdad]" started-at="2026-08-27T09:03:13 IST" name="LandingPageTitleTest" finished-at="2026-08-27T09:03:13 IST" duration-ms="22" status="PASS">
          <reporter-output>
          </reporter-output>
        </test-method> <!-- LandingPageTitleTest -->
        <test-method is-config="true" signature="tearDown()[pri:0, instance:com.amc.qa.testcases.LandingPageTest@331acdad]" started-at="2026-08-27T09:03:13 IST" name="tearDown" finished-at="2026-08-27T09:03:13 IST" duration-ms="252" status="PASS">
          <reporter-output>
          </reporter-output>
        </test-method> <!-- tearDown -->
      </class> <!-- com.amc.qa.testcases.LandingPageTest -->
    </test> <!-- Landing Page test -->
  </suite> <!-- AMCTestSuite -->
</testng-results>
