<?xml version="1.0" encoding="UTF-8"?>
<!-- Generated by org.testng.reporters.JUnitXMLReporter -->
<testsuite ignored="3" hostname="DESKTOP-HV25CJK" failures="0" tests="2" name="Landing Page test" time="11.853" errors="0" timestamp="2026-08-27T09:36:52 IST">
  <testcase classname="com.amc.qa.testcases.LandingPageTest" name="LandingPageLogoTest" time="0.105"/>
  <testcase classname="com.amc.qa.testcases.LandingPageTest" name="LandingPageTitleTest" time="0.021"/>
  <testcase classname="com.amc.qa.testcases.LandingPageTest" name="VehicelBookingTest" time="0.0">
    <ignored/>
  </testcase> <!-- VehicelBookingTest -->
  <testcase classname="com.amc.qa.testcases.LandingPageTest" name="LoginTest" time="0.0">
    <ignored/>
  </testcase> <!-- LoginTest -->
  <testcase classname="com.amc.qa.testcases.LandingPageTest" name="navigateToContactUS" time="0.0">
    <ignored/>
  </testcase> <!-- navigateToContactUS -->
</testsuite> <!-- Landing Page test -->
