<?xml version="1.0" encoding="UTF-8"?>
<testng-results ignored="3" total="5" passed="2" failed="0" skipped="0">
  <reporter-output>
  </reporter-output>
  <suite started-at="2026-08-27T09:36:39 IST" name="AMCTestSuite" finished-at="2026-08-27T09:36:51 IST" duration-ms="11853">
    <groups>
    </groups>
    <test started-at="2026-08-27T09:36:39 IST" name="Landing Page test" finished-at="2026-08-27T09:36:51 IST" duration-ms="11853">
      <class name="com.amc.qa.testcases.LandingPageTest">
        <test-method is-config="true" signature="setup()[pri:0, instance:com.amc.qa.testcases.LandingPageTest@96897c8]" started-at="2026-08-27T09:36:40 IST" name="setup" finished-at="2026-08-27T09:36:46 IST" duration-ms="6440" status="PASS">
          <reporter-output>
          </reporter-output>
        </test-method> <!-- setup -->
        <test-method signature="LandingPageLogoTest()[pri:0, instance:com.amc.qa.testcases.LandingPageTest@96897c8]" started-at="2026-08-27T09:36:46 IST" name="LandingPageLogoTest" finished-at="2026-08-27T09:36:46 IST" duration-ms="105" status="PASS">
          <reporter-output>
          </reporter-output>
        </test-method> <!-- LandingPageLogoTest -->
        <test-method is-config="true" signature="tearDown()[pri:0, instance:com.amc.qa.testcases.LandingPageTest@96897c8]" started-at="2026-08-27T09:36:46 IST" name="tearDown" finished-at="2026-08-27T09:36:47 IST" duration-ms="270" status="PASS">
          <reporter-output>
          </reporter-output>
        </test-method> <!-- tearDown -->
        <test-method is-config="true" signature="setup()[pri:0, instance:com.amc.qa.testcases.LandingPageTest@96897c8]" started-at="2026-08-27T09:36:47 IST" name="setup" finished-at="2026-08-27T09:36:51 IST" duration-ms="4356" status="PASS">
          <reporter-output>
          </reporter-output>
        </test-method> <!-- setup -->
        <test-method signature="LandingPageTitleTest()[pri:0, instance:com.amc.qa.testcases.LandingPageTest@96897c8]" started-at="2026-08-27T09:36:51 IST" name="LandingPageTitleTest" finished-at="2026-08-27T09:36:51 IST" duration-ms="21" status="PASS">
          <reporter-output>
          </reporter-output>
        </test-method> <!-- LandingPageTitleTest -->
        <test-method is-config="true" signature="tearDown()[pri:0, instance:com.amc.qa.testcases.LandingPageTest@96897c8]" started-at="2026-08-27T09:36:51 IST" name="tearDown" finished-at="2026-08-27T09:36:51 IST" duration-ms="249" status="PASS">
          <reporter-output>
          </reporter-output>
        </test-method> <!-- tearDown -->
      </class> <!-- com.amc.qa.testcases.LandingPageTest -->
    </test> <!-- Landing Page test -->
  </suite> <!-- AMCTestSuite -->
</testng-results>
