<?xml version="1.0" encoding="UTF-8"?>
<testng-results ignored="3" total="5" passed="2" failed="0" skipped="0">
  <reporter-output>
  </reporter-output>
  <suite started-at="2026-08-27T09:10:12 IST" name="AMCTestSuite" finished-at="2026-08-27T09:10:25 IST" duration-ms="13044">
    <groups>
    </groups>
    <test started-at="2026-08-27T09:10:12 IST" name="Landing Page test" finished-at="2026-08-27T09:10:25 IST" duration-ms="13044">
      <class name="com.amc.qa.testcases.LandingPageTest">
        <test-method is-config="true" signature="setup()[pri:0, instance:com.amc.qa.testcases.LandingPageTest@230a73f2]" started-at="2026-08-27T09:10:12 IST" name="setup" finished-at="2026-08-27T09:10:19 IST" duration-ms="6389" status="PASS">
          <reporter-output>
          </reporter-output>
        </test-method> <!-- setup -->
        <test-method signature="LandingPageLogoTest()[pri:0, instance:com.amc.qa.testcases.LandingPageTest@230a73f2]" started-at="2026-08-27T09:10:19 IST" name="LandingPageLogoTest" finished-at="2026-08-27T09:10:19 IST" duration-ms="168" status="PASS">
          <reporter-output>
          </reporter-output>
        </test-method> <!-- LandingPageLogoTest -->
        <test-method is-config="true" signature="tearDown()[pri:0, instance:com.amc.qa.testcases.LandingPageTest@230a73f2]" started-at="2026-08-27T09:10:19 IST" name="tearDown" finished-at="2026-08-27T09:10:19 IST" duration-ms="250" status="PASS">
          <reporter-output>
          </reporter-output>
        </test-method> <!-- tearDown -->
        <test-method is-config="true" signature="setup()[pri:0, instance:com.amc.qa.testcases.LandingPageTest@230a73f2]" started-at="2026-08-27T09:10:19 IST" name="setup" finished-at="2026-08-27T09:10:25 IST" duration-ms="5519" status="PASS">
          <reporter-output>
          </reporter-output>
        </test-method> <!-- setup -->
        <test-method signature="LandingPageTitleTest()[pri:0, instance:com.amc.qa.testcases.LandingPageTest@230a73f2]" started-at="2026-08-27T09:10:25 IST" name="LandingPageTitleTest" finished-at="2026-08-27T09:10:25 IST" duration-ms="51" status="PASS">
          <reporter-output>
          </reporter-output>
        </test-method> <!-- LandingPageTitleTest -->
        <test-method is-config="true" signature="tearDown()[pri:0, instance:com.amc.qa.testcases.LandingPageTest@230a73f2]" started-at="2026-08-27T09:10:25 IST" name="tearDown" finished-at="2026-08-27T09:10:25 IST" duration-ms="246" status="PASS">
          <reporter-output>
          </reporter-output>
        </test-method> <!-- tearDown -->
      </class> <!-- com.amc.qa.testcases.LandingPageTest -->
    </test> <!-- Landing Page test -->
  </suite> <!-- AMCTestSuite -->
</testng-results>
