<?xml version="1.0" encoding="UTF-8"?>
<!-- Generated by org.testng.reporters.JUnitReportReporter -->
<testsuite hostname="DESKTOP-HV25CJK" failures="0" tests="7" name="com.amc.qa.testcases.LandingPageTest" time="66.483" errors="0" timestamp="2026-08-23T17:17:06 IST" skipped="2">
  <testcase classname="com.amc.qa.testcases.LandingPageTest" name="navigateToContactUS" time="21.582"/>
  <testcase classname="com.amc.qa.testcases.LandingPageTest" name="LandingPageLogTest" time="4.423"/>
  <testcase classname="com.amc.qa.testcases.LandingPageTest" name="navigateToContactUS" time="17.578"/>
  <testcase classname="com.amc.qa.testcases.LandingPageTest" name="LandingPageTitleTest" time="4.586"/>
  <testcase classname="com.amc.qa.testcases.LandingPageTest" name="navigateToContactUS" time="18.314"/>
  <testcase classname="com.amc.qa.testcases.LandingPageTest" name="LoginTest">
    <skipped/>
  </testcase> <!-- LoginTest -->
  <testcase classname="com.amc.qa.testcases.LandingPageTest" name="VehicelBookingTest">
    <skipped/>
  </testcase> <!-- VehicelBookingTest -->
</testsuite> <!-- com.amc.qa.testcases.LandingPageTest -->
