<?xml version="1.0" encoding="UTF-8"?>
<!-- Generated by org.testng.reporters.JUnitReportReporter -->
<testsuite hostname="DESKTOP-HV25CJK" failures="0" tests="5" name="com.amc.qa.testcases.LandingPageTest" time="12.027" errors="0" timestamp="2026-08-27T09:03:13 IST" skipped="3">
  <testcase classname="com.amc.qa.testcases.LandingPageTest" name="LandingPageLogoTest" time="6.709"/>
  <testcase classname="com.amc.qa.testcases.LandingPageTest" name="LandingPageTitleTest" time="5.318"/>
  <testcase classname="com.amc.qa.testcases.LandingPageTest" name="navigateToContactUS">
    <skipped/>
  </testcase> <!-- navigateToContactUS -->
  <testcase classname="com.amc.qa.testcases.LandingPageTest" name="VehicelBookingTest">
    <skipped/>
  </testcase> <!-- VehicelBookingTest -->
  <testcase classname="com.amc.qa.testcases.LandingPageTest" name="LoginTest">
    <skipped/>
  </testcase> <!-- LoginTest -->
</testsuite> <!-- com.amc.qa.testcases.LandingPageTest -->
