<?xml version="1.0" encoding="UTF-8"?>
<!-- Generated by org.testng.reporters.JUnitReportReporter -->
<testsuite hostname="DESKTOP-HV25CJK" failures="0" tests="7" name="com.amc.qa.testcases.LandingPageTest" time="74.053" errors="0" timestamp="2026-08-23T18:36:19 IST" skipped="2">
  <testcase classname="com.amc.qa.testcases.LandingPageTest" name="navigateToContactUS" time="21.191"/>
  <testcase classname="com.amc.qa.testcases.LandingPageTest" name="LandingPageLogTest" time="5.341"/>
  <testcase classname="com.amc.qa.testcases.LandingPageTest" name="navigateToContactUS" time="20.525"/>
  <testcase classname="com.amc.qa.testcases.LandingPageTest" name="LandingPageTitleTest" time="6.770"/>
  <testcase classname="com.amc.qa.testcases.LandingPageTest" name="navigateToContactUS" time="20.226"/>
  <testcase classname="com.amc.qa.testcases.LandingPageTest" name="VehicelBookingTest">
    <skipped/>
  </testcase> <!-- VehicelBookingTest -->
  <testcase classname="com.amc.qa.testcases.LandingPageTest" name="LoginTest">
    <skipped/>
  </testcase> <!-- LoginTest -->
</testsuite> <!-- com.amc.qa.testcases.LandingPageTest -->
