<?xml version="1.0" encoding="UTF-8"?>
<!-- Generated by org.testng.reporters.JUnitXMLReporter -->
<testsuite ignored="2" hostname="DESKTOP-HV25CJK" failures="0" tests="5" name="Landing Page test" time="75.944" errors="0" timestamp="2026-08-23T18:36:19 IST">
  <testcase classname="com.amc.qa.testcases.LandingPageTest" name="LandingPageLogTest" time="0.056"/>
  <testcase classname="com.amc.qa.testcases.LandingPageTest" name="LandingPageTitleTest" time="0.012"/>
  <testcase classname="com.amc.qa.testcases.LandingPageTest" name="navigateToContactUS" time="14.137"/>
  <testcase classname="com.amc.qa.testcases.LandingPageTest" name="navigateToContactUS" time="14.198"/>
  <testcase classname="com.amc.qa.testcases.LandingPageTest" name="navigateToContactUS" time="14.419"/>
  <testcase classname="com.amc.qa.testcases.LandingPageTest" name="VehicelBookingTest" time="0.0">
    <ignored/>
  </testcase> <!-- VehicelBookingTest -->
  <testcase classname="com.amc.qa.testcases.LandingPageTest" name="LoginTest" time="0.0">
    <ignored/>
  </testcase> <!-- LoginTest -->
</testsuite> <!-- Landing Page test -->
